{
  "C:\\Users\\szony\\Documents\\learning\\course\\FinalProject\\route_planner\\src\\components\\firebase.jsx": {
    "path": "C:\\Users\\szony\\Documents\\learning\\course\\FinalProject\\route_planner\\src\\components\\firebase.jsx",
    "statementMap": {
      "0": {
        "start": {
          "line": 3,
          "column": 23
        },
        "end": {
          "line": 12,
          "column": 1
        }
      },
      "1": {
        "start": {
          "line": 14,
          "column": 13
        },
        "end": {
          "line": 14,
          "column": 51
        }
      }
    },
    "fnMap": {},
    "branchMap": {},
    "s": {
      "0": 1,
      "1": 1
    },
    "f": {},
    "b": {},
    "_coverageSchema": "43e27e138ebf9cfc5966b082cf9a028302ed4184",
    "hash": "eb7543eb0d9f39830d0883793bf27cfaff688948"
  },
  "C:\\Users\\szony\\Documents\\learning\\course\\FinalProject\\route_planner\\src\\components\\routing.jsx": {
    "path": "C:\\Users\\szony\\Documents\\learning\\course\\FinalProject\\route_planner\\src\\components\\routing.jsx",
    "statementMap": {
      "0": {
        "start": {
          "line": 8,
          "column": 10
        },
        "end": {
          "line": 11,
          "column": 3
        }
      },
      "1": {
        "start": {
          "line": 13,
          "column": 4
        },
        "end": {
          "line": 13,
          "column": 70
        }
      },
      "2": {
        "start": {
          "line": 14,
          "column": 4
        },
        "end": {
          "line": 21,
          "column": 5
        }
      },
      "3": {
        "start": {
          "line": 15,
          "column": 6
        },
        "end": {
          "line": 15,
          "column": 34
        }
      },
      "4": {
        "start": {
          "line": 16,
          "column": 6
        },
        "end": {
          "line": 20,
          "column": 7
        }
      },
      "5": {
        "start": {
          "line": 17,
          "column": 8
        },
        "end": {
          "line": 19,
          "column": 10
        }
      },
      "6": {
        "start": {
          "line": 18,
          "column": 10
        },
        "end": {
          "line": 18,
          "column": 39
        }
      },
      "7": {
        "start": {
          "line": 25,
          "column": 4
        },
        "end": {
          "line": 25,
          "column": 38
        }
      },
      "8": {
        "start": {
          "line": 26,
          "column": 44
        },
        "end": {
          "line": 26,
          "column": 54
        }
      },
      "9": {
        "start": {
          "line": 27,
          "column": 25
        },
        "end": {
          "line": 27,
          "column": 58
        }
      },
      "10": {
        "start": {
          "line": 29,
          "column": 25
        },
        "end": {
          "line": 39,
          "column": 6
        }
      },
      "11": {
        "start": {
          "line": 41,
          "column": 4
        },
        "end": {
          "line": 41,
          "column": 67
        }
      },
      "12": {
        "start": {
          "line": 42,
          "column": 4
        },
        "end": {
          "line": 42,
          "column": 32
        }
      },
      "13": {
        "start": {
          "line": 44,
          "column": 4
        },
        "end": {
          "line": 46,
          "column": 8
        }
      },
      "14": {
        "start": {
          "line": 44,
          "column": 34
        },
        "end": {
          "line": 46,
          "column": 5
        }
      },
      "15": {
        "start": {
          "line": 48,
          "column": 4
        },
        "end": {
          "line": 50,
          "column": 5
        }
      },
      "16": {
        "start": {
          "line": 49,
          "column": 6
        },
        "end": {
          "line": 49,
          "column": 43
        }
      },
      "17": {
        "start": {
          "line": 52,
          "column": 4
        },
        "end": {
          "line": 52,
          "column": 45
        }
      },
      "18": {
        "start": {
          "line": 53,
          "column": 4
        },
        "end": {
          "line": 53,
          "column": 36
        }
      }
    },
    "fnMap": {
      "0": {
        "name": "(anonymous_0)",
        "decl": {
          "start": {
            "line": 12,
            "column": 2
          },
          "end": {
            "line": 12,
            "column": 3
          }
        },
        "loc": {
          "start": {
            "line": 12,
            "column": 32
          },
          "end": {
            "line": 22,
            "column": 3
          }
        },
        "line": 12
      },
      "1": {
        "name": "(anonymous_1)",
        "decl": {
          "start": {
            "line": 17,
            "column": 43
          },
          "end": {
            "line": 17,
            "column": 44
          }
        },
        "loc": {
          "start": {
            "line": 18,
            "column": 10
          },
          "end": {
            "line": 18,
            "column": 39
          }
        },
        "line": 18
      },
      "2": {
        "name": "(anonymous_2)",
        "decl": {
          "start": {
            "line": 24,
            "column": 2
          },
          "end": {
            "line": 24,
            "column": 3
          }
        },
        "loc": {
          "start": {
            "line": 24,
            "column": 25
          },
          "end": {
            "line": 54,
            "column": 3
          }
        },
        "line": 24
      },
      "3": {
        "name": "(anonymous_3)",
        "decl": {
          "start": {
            "line": 44,
            "column": 18
          },
          "end": {
            "line": 44,
            "column": 19
          }
        },
        "loc": {
          "start": {
            "line": 44,
            "column": 34
          },
          "end": {
            "line": 46,
            "column": 5
          }
        },
        "line": 44
      }
    },
    "branchMap": {
      "0": {
        "loc": {
          "start": {
            "line": 14,
            "column": 4
          },
          "end": {
            "line": 21,
            "column": 5
          }
        },
        "type": "if",
        "locations": [
          {
            "start": {
              "line": 14,
              "column": 4
            },
            "end": {
              "line": 21,
              "column": 5
            }
          },
          {
            "start": {
              "line": 14,
              "column": 4
            },
            "end": {
              "line": 21,
              "column": 5
            }
          }
        ],
        "line": 14
      },
      "1": {
        "loc": {
          "start": {
            "line": 16,
            "column": 6
          },
          "end": {
            "line": 20,
            "column": 7
          }
        },
        "type": "if",
        "locations": [
          {
            "start": {
              "line": 16,
              "column": 6
            },
            "end": {
              "line": 20,
              "column": 7
            }
          },
          {
            "start": {
              "line": 16,
              "column": 6
            },
            "end": {
              "line": 20,
              "column": 7
            }
          }
        ],
        "line": 16
      },
      "2": {
        "loc": {
          "start": {
            "line": 48,
            "column": 4
          },
          "end": {
            "line": 50,
            "column": 5
          }
        },
        "type": "if",
        "locations": [
          {
            "start": {
              "line": 48,
              "column": 4
            },
            "end": {
              "line": 50,
              "column": 5
            }
          },
          {
            "start": {
              "line": 48,
              "column": 4
            },
            "end": {
              "line": 50,
              "column": 5
            }
          }
        ],
        "line": 48
      }
    },
    "s": {
      "0": 2,
      "1": 25,
      "2": 25,
      "3": 0,
      "4": 0,
      "5": 0,
      "6": 0,
      "7": 2,
      "8": 2,
      "9": 2,
      "10": 2,
      "11": 2,
      "12": 2,
      "13": 2,
      "14": 0,
      "15": 2,
      "16": 2,
      "17": 2,
      "18": 2
    },
    "f": {
      "0": 25,
      "1": 0,
      "2": 2,
      "3": 0
    },
    "b": {
      "0": [
        0,
        25
      ],
      "1": [
        0,
        0
      ],
      "2": [
        2,
        0
      ]
    },
    "_coverageSchema": "43e27e138ebf9cfc5966b082cf9a028302ed4184",
    "hash": "04b2e922fd1c41b737b974615ae4dcb19f712ccc"
  },
  "C:\\Users\\szony\\Documents\\learning\\course\\FinalProject\\route_planner\\src\\components\\routingRoundTrip.jsx": {
    "path": "C:\\Users\\szony\\Documents\\learning\\course\\FinalProject\\route_planner\\src\\components\\routingRoundTrip.jsx",
    "statementMap": {
      "0": {
        "start": {
          "line": 8,
          "column": 10
        },
        "end": {
          "line": 11,
          "column": 3
        }
      },
      "1": {
        "start": {
          "line": 14,
          "column": 4
        },
        "end": {
          "line": 22,
          "column": 5
        }
      },
      "2": {
        "start": {
          "line": 15,
          "column": 6
        },
        "end": {
          "line": 15,
          "column": 34
        }
      },
      "3": {
        "start": {
          "line": 17,
          "column": 6
        },
        "end": {
          "line": 21,
          "column": 7
        }
      },
      "4": {
        "start": {
          "line": 18,
          "column": 8
        },
        "end": {
          "line": 20,
          "column": 10
        }
      },
      "5": {
        "start": {
          "line": 19,
          "column": 10
        },
        "end": {
          "line": 19,
          "column": 44
        }
      },
      "6": {
        "start": {
          "line": 26,
          "column": 4
        },
        "end": {
          "line": 26,
          "column": 25
        }
      },
      "7": {
        "start": {
          "line": 27,
          "column": 4
        },
        "end": {
          "line": 27,
          "column": 47
        }
      },
      "8": {
        "start": {
          "line": 28,
          "column": 46
        },
        "end": {
          "line": 28,
          "column": 56
        }
      },
      "9": {
        "start": {
          "line": 29,
          "column": 25
        },
        "end": {
          "line": 29,
          "column": 58
        }
      },
      "10": {
        "start": {
          "line": 31,
          "column": 23
        },
        "end": {
          "line": 31,
          "column": 25
        }
      },
      "11": {
        "start": {
          "line": 32,
          "column": 4
        },
        "end": {
          "line": 76,
          "column": 5
        }
      },
      "12": {
        "start": {
          "line": 33,
          "column": 6
        },
        "end": {
          "line": 33,
          "column": 80
        }
      },
      "13": {
        "start": {
          "line": 35,
          "column": 27
        },
        "end": {
          "line": 35,
          "column": 28
        }
      },
      "14": {
        "start": {
          "line": 39,
          "column": 6
        },
        "end": {
          "line": 61,
          "column": 7
        }
      },
      "15": {
        "start": {
          "line": 40,
          "column": 8
        },
        "end": {
          "line": 40,
          "column": 27
        }
      },
      "16": {
        "start": {
          "line": 41,
          "column": 13
        },
        "end": {
          "line": 61,
          "column": 7
        }
      },
      "17": {
        "start": {
          "line": 42,
          "column": 8
        },
        "end": {
          "line": 42,
          "column": 28
        }
      },
      "18": {
        "start": {
          "line": 43,
          "column": 13
        },
        "end": {
          "line": 61,
          "column": 7
        }
      },
      "19": {
        "start": {
          "line": 44,
          "column": 8
        },
        "end": {
          "line": 44,
          "column": 28
        }
      },
      "20": {
        "start": {
          "line": 45,
          "column": 13
        },
        "end": {
          "line": 61,
          "column": 7
        }
      },
      "21": {
        "start": {
          "line": 46,
          "column": 8
        },
        "end": {
          "line": 46,
          "column": 28
        }
      },
      "22": {
        "start": {
          "line": 47,
          "column": 13
        },
        "end": {
          "line": 61,
          "column": 7
        }
      },
      "23": {
        "start": {
          "line": 48,
          "column": 8
        },
        "end": {
          "line": 48,
          "column": 28
        }
      },
      "24": {
        "start": {
          "line": 49,
          "column": 13
        },
        "end": {
          "line": 61,
          "column": 7
        }
      },
      "25": {
        "start": {
          "line": 50,
          "column": 8
        },
        "end": {
          "line": 50,
          "column": 28
        }
      },
      "26": {
        "start": {
          "line": 51,
          "column": 13
        },
        "end": {
          "line": 61,
          "column": 7
        }
      },
      "27": {
        "start": {
          "line": 52,
          "column": 8
        },
        "end": {
          "line": 52,
          "column": 28
        }
      },
      "28": {
        "start": {
          "line": 53,
          "column": 13
        },
        "end": {
          "line": 61,
          "column": 7
        }
      },
      "29": {
        "start": {
          "line": 54,
          "column": 8
        },
        "end": {
          "line": 54,
          "column": 28
        }
      },
      "30": {
        "start": {
          "line": 55,
          "column": 13
        },
        "end": {
          "line": 61,
          "column": 7
        }
      },
      "31": {
        "start": {
          "line": 56,
          "column": 8
        },
        "end": {
          "line": 56,
          "column": 28
        }
      },
      "32": {
        "start": {
          "line": 57,
          "column": 13
        },
        "end": {
          "line": 61,
          "column": 7
        }
      },
      "33": {
        "start": {
          "line": 58,
          "column": 8
        },
        "end": {
          "line": 58,
          "column": 28
        }
      },
      "34": {
        "start": {
          "line": 60,
          "column": 8
        },
        "end": {
          "line": 60,
          "column": 29
        }
      },
      "35": {
        "start": {
          "line": 63,
          "column": 6
        },
        "end": {
          "line": 68,
          "column": 9
        }
      },
      "36": {
        "start": {
          "line": 64,
          "column": 8
        },
        "end": {
          "line": 67,
          "column": 9
        }
      },
      "37": {
        "start": {
          "line": 65,
          "column": 22
        },
        "end": {
          "line": 65,
          "column": 48
        }
      },
      "38": {
        "start": {
          "line": 66,
          "column": 10
        },
        "end": {
          "line": 66,
          "column": 35
        }
      },
      "39": {
        "start": {
          "line": 70,
          "column": 6
        },
        "end": {
          "line": 75,
          "column": 8
        }
      },
      "40": {
        "start": {
          "line": 78,
          "column": 4
        },
        "end": {
          "line": 78,
          "column": 33
        }
      },
      "41": {
        "start": {
          "line": 80,
          "column": 25
        },
        "end": {
          "line": 88,
          "column": 6
        }
      },
      "42": {
        "start": {
          "line": 90,
          "column": 4
        },
        "end": {
          "line": 92,
          "column": 8
        }
      },
      "43": {
        "start": {
          "line": 90,
          "column": 34
        },
        "end": {
          "line": 92,
          "column": 5
        }
      },
      "44": {
        "start": {
          "line": 94,
          "column": 4
        },
        "end": {
          "line": 96,
          "column": 5
        }
      },
      "45": {
        "start": {
          "line": 95,
          "column": 6
        },
        "end": {
          "line": 95,
          "column": 48
        }
      },
      "46": {
        "start": {
          "line": 98,
          "column": 4
        },
        "end": {
          "line": 98,
          "column": 45
        }
      },
      "47": {
        "start": {
          "line": 100,
          "column": 4
        },
        "end": {
          "line": 100,
          "column": 36
        }
      }
    },
    "fnMap": {
      "0": {
        "name": "(anonymous_0)",
        "decl": {
          "start": {
            "line": 13,
            "column": 2
          },
          "end": {
            "line": 13,
            "column": 3
          }
        },
        "loc": {
          "start": {
            "line": 13,
            "column": 32
          },
          "end": {
            "line": 23,
            "column": 3
          }
        },
        "line": 13
      },
      "1": {
        "name": "(anonymous_1)",
        "decl": {
          "start": {
            "line": 18,
            "column": 43
          },
          "end": {
            "line": 18,
            "column": 44
          }
        },
        "loc": {
          "start": {
            "line": 19,
            "column": 10
          },
          "end": {
            "line": 19,
            "column": 44
          }
        },
        "line": 19
      },
      "2": {
        "name": "(anonymous_2)",
        "decl": {
          "start": {
            "line": 25,
            "column": 2
          },
          "end": {
            "line": 25,
            "column": 3
          }
        },
        "loc": {
          "start": {
            "line": 25,
            "column": 25
          },
          "end": {
            "line": 101,
            "column": 3
          }
        },
        "line": 25
      },
      "3": {
        "name": "(anonymous_3)",
        "decl": {
          "start": {
            "line": 63,
            "column": 30
          },
          "end": {
            "line": 63,
            "column": 31
          }
        },
        "loc": {
          "start": {
            "line": 63,
            "column": 43
          },
          "end": {
            "line": 68,
            "column": 7
          }
        },
        "line": 63
      },
      "4": {
        "name": "(anonymous_4)",
        "decl": {
          "start": {
            "line": 90,
            "column": 18
          },
          "end": {
            "line": 90,
            "column": 19
          }
        },
        "loc": {
          "start": {
            "line": 90,
            "column": 34
          },
          "end": {
            "line": 92,
            "column": 5
          }
        },
        "line": 90
      }
    },
    "branchMap": {
      "0": {
        "loc": {
          "start": {
            "line": 14,
            "column": 4
          },
          "end": {
            "line": 22,
            "column": 5
          }
        },
        "type": "if",
        "locations": [
          {
            "start": {
              "line": 14,
              "column": 4
            },
            "end": {
              "line": 22,
              "column": 5
            }
          },
          {
            "start": {
              "line": 14,
              "column": 4
            },
            "end": {
              "line": 22,
              "column": 5
            }
          }
        ],
        "line": 14
      },
      "1": {
        "loc": {
          "start": {
            "line": 17,
            "column": 6
          },
          "end": {
            "line": 21,
            "column": 7
          }
        },
        "type": "if",
        "locations": [
          {
            "start": {
              "line": 17,
              "column": 6
            },
            "end": {
              "line": 21,
              "column": 7
            }
          },
          {
            "start": {
              "line": 17,
              "column": 6
            },
            "end": {
              "line": 21,
              "column": 7
            }
          }
        ],
        "line": 17
      },
      "2": {
        "loc": {
          "start": {
            "line": 32,
            "column": 4
          },
          "end": {
            "line": 76,
            "column": 5
          }
        },
        "type": "if",
        "locations": [
          {
            "start": {
              "line": 32,
              "column": 4
            },
            "end": {
              "line": 76,
              "column": 5
            }
          },
          {
            "start": {
              "line": 32,
              "column": 4
            },
            "end": {
              "line": 76,
              "column": 5
            }
          }
        ],
        "line": 32
      },
      "3": {
        "loc": {
          "start": {
            "line": 39,
            "column": 6
          },
          "end": {
            "line": 61,
            "column": 7
          }
        },
        "type": "if",
        "locations": [
          {
            "start": {
              "line": 39,
              "column": 6
            },
            "end": {
              "line": 61,
              "column": 7
            }
          },
          {
            "start": {
              "line": 39,
              "column": 6
            },
            "end": {
              "line": 61,
              "column": 7
            }
          }
        ],
        "line": 39
      },
      "4": {
        "loc": {
          "start": {
            "line": 41,
            "column": 13
          },
          "end": {
            "line": 61,
            "column": 7
          }
        },
        "type": "if",
        "locations": [
          {
            "start": {
              "line": 41,
              "column": 13
            },
            "end": {
              "line": 61,
              "column": 7
            }
          },
          {
            "start": {
              "line": 41,
              "column": 13
            },
            "end": {
              "line": 61,
              "column": 7
            }
          }
        ],
        "line": 41
      },
      "5": {
        "loc": {
          "start": {
            "line": 43,
            "column": 13
          },
          "end": {
            "line": 61,
            "column": 7
          }
        },
        "type": "if",
        "locations": [
          {
            "start": {
              "line": 43,
              "column": 13
            },
            "end": {
              "line": 61,
              "column": 7
            }
          },
          {
            "start": {
              "line": 43,
              "column": 13
            },
            "end": {
              "line": 61,
              "column": 7
            }
          }
        ],
        "line": 43
      },
      "6": {
        "loc": {
          "start": {
            "line": 45,
            "column": 13
          },
          "end": {
            "line": 61,
            "column": 7
          }
        },
        "type": "if",
        "locations": [
          {
            "start": {
              "line": 45,
              "column": 13
            },
            "end": {
              "line": 61,
              "column": 7
            }
          },
          {
            "start": {
              "line": 45,
              "column": 13
            },
            "end": {
              "line": 61,
              "column": 7
            }
          }
        ],
        "line": 45
      },
      "7": {
        "loc": {
          "start": {
            "line": 47,
            "column": 13
          },
          "end": {
            "line": 61,
            "column": 7
          }
        },
        "type": "if",
        "locations": [
          {
            "start": {
              "line": 47,
              "column": 13
            },
            "end": {
              "line": 61,
              "column": 7
            }
          },
          {
            "start": {
              "line": 47,
              "column": 13
            },
            "end": {
              "line": 61,
              "column": 7
            }
          }
        ],
        "line": 47
      },
      "8": {
        "loc": {
          "start": {
            "line": 49,
            "column": 13
          },
          "end": {
            "line": 61,
            "column": 7
          }
        },
        "type": "if",
        "locations": [
          {
            "start": {
              "line": 49,
              "column": 13
            },
            "end": {
              "line": 61,
              "column": 7
            }
          },
          {
            "start": {
              "line": 49,
              "column": 13
            },
            "end": {
              "line": 61,
              "column": 7
            }
          }
        ],
        "line": 49
      },
      "9": {
        "loc": {
          "start": {
            "line": 51,
            "column": 13
          },
          "end": {
            "line": 61,
            "column": 7
          }
        },
        "type": "if",
        "locations": [
          {
            "start": {
              "line": 51,
              "column": 13
            },
            "end": {
              "line": 61,
              "column": 7
            }
          },
          {
            "start": {
              "line": 51,
              "column": 13
            },
            "end": {
              "line": 61,
              "column": 7
            }
          }
        ],
        "line": 51
      },
      "10": {
        "loc": {
          "start": {
            "line": 53,
            "column": 13
          },
          "end": {
            "line": 61,
            "column": 7
          }
        },
        "type": "if",
        "locations": [
          {
            "start": {
              "line": 53,
              "column": 13
            },
            "end": {
              "line": 61,
              "column": 7
            }
          },
          {
            "start": {
              "line": 53,
              "column": 13
            },
            "end": {
              "line": 61,
              "column": 7
            }
          }
        ],
        "line": 53
      },
      "11": {
        "loc": {
          "start": {
            "line": 55,
            "column": 13
          },
          "end": {
            "line": 61,
            "column": 7
          }
        },
        "type": "if",
        "locations": [
          {
            "start": {
              "line": 55,
              "column": 13
            },
            "end": {
              "line": 61,
              "column": 7
            }
          },
          {
            "start": {
              "line": 55,
              "column": 13
            },
            "end": {
              "line": 61,
              "column": 7
            }
          }
        ],
        "line": 55
      },
      "12": {
        "loc": {
          "start": {
            "line": 57,
            "column": 13
          },
          "end": {
            "line": 61,
            "column": 7
          }
        },
        "type": "if",
        "locations": [
          {
            "start": {
              "line": 57,
              "column": 13
            },
            "end": {
              "line": 61,
              "column": 7
            }
          },
          {
            "start": {
              "line": 57,
              "column": 13
            },
            "end": {
              "line": 61,
              "column": 7
            }
          }
        ],
        "line": 57
      },
      "13": {
        "loc": {
          "start": {
            "line": 64,
            "column": 8
          },
          "end": {
            "line": 67,
            "column": 9
          }
        },
        "type": "if",
        "locations": [
          {
            "start": {
              "line": 64,
              "column": 8
            },
            "end": {
              "line": 67,
              "column": 9
            }
          },
          {
            "start": {
              "line": 64,
              "column": 8
            },
            "end": {
              "line": 67,
              "column": 9
            }
          }
        ],
        "line": 64
      },
      "14": {
        "loc": {
          "start": {
            "line": 94,
            "column": 4
          },
          "end": {
            "line": 96,
            "column": 5
          }
        },
        "type": "if",
        "locations": [
          {
            "start": {
              "line": 94,
              "column": 4
            },
            "end": {
              "line": 96,
              "column": 5
            }
          },
          {
            "start": {
              "line": 94,
              "column": 4
            },
            "end": {
              "line": 96,
              "column": 5
            }
          }
        ],
        "line": 94
      }
    },
    "s": {
      "0": 2,
      "1": 26,
      "2": 1,
      "3": 1,
      "4": 0,
      "5": 0,
      "6": 3,
      "7": 3,
      "8": 3,
      "9": 3,
      "10": 3,
      "11": 3,
      "12": 3,
      "13": 3,
      "14": 3,
      "15": 2,
      "16": 1,
      "17": 0,
      "18": 1,
      "19": 1,
      "20": 0,
      "21": 0,
      "22": 0,
      "23": 0,
      "24": 0,
      "25": 0,
      "26": 0,
      "27": 0,
      "28": 0,
      "29": 0,
      "30": 0,
      "31": 0,
      "32": 0,
      "33": 0,
      "34": 0,
      "35": 3,
      "36": 367,
      "37": 27,
      "38": 27,
      "39": 3,
      "40": 3,
      "41": 3,
      "42": 3,
      "43": 2,
      "44": 3,
      "45": 2,
      "46": 3,
      "47": 3
    },
    "f": {
      "0": 26,
      "1": 0,
      "2": 3,
      "3": 367,
      "4": 2
    },
    "b": {
      "0": [
        1,
        25
      ],
      "1": [
        0,
        1
      ],
      "2": [
        3,
        0
      ],
      "3": [
        2,
        1
      ],
      "4": [
        0,
        1
      ],
      "5": [
        1,
        0
      ],
      "6": [
        0,
        0
      ],
      "7": [
        0,
        0
      ],
      "8": [
        0,
        0
      ],
      "9": [
        0,
        0
      ],
      "10": [
        0,
        0
      ],
      "11": [
        0,
        0
      ],
      "12": [
        0,
        0
      ],
      "13": [
        27,
        340
      ],
      "14": [
        2,
        1
      ]
    },
    "_coverageSchema": "43e27e138ebf9cfc5966b082cf9a028302ed4184",
    "hash": "50eb89cc05d7c6ee0ffcfd236b5ec6d7e9a1607f"
  },
  "C:\\Users\\szony\\Documents\\learning\\course\\FinalProject\\route_planner\\src\\components\\mapleaflet.jsx": {
    "path": "C:\\Users\\szony\\Documents\\learning\\course\\FinalProject\\route_planner\\src\\components\\mapleaflet.jsx",
    "statementMap": {
      "0": {
        "start": {
          "line": 10,
          "column": 10
        },
        "end": {
          "line": 15,
          "column": 3
        }
      },
      "1": {
        "start": {
          "line": 17,
          "column": 12
        },
        "end": {
          "line": 22,
          "column": 3
        }
      },
      "2": {
        "start": {
          "line": 18,
          "column": 4
        },
        "end": {
          "line": 18,
          "column": 19
        }
      },
      "3": {
        "start": {
          "line": 19,
          "column": 4
        },
        "end": {
          "line": 21,
          "column": 7
        }
      },
      "4": {
        "start": {
          "line": 25,
          "column": 21
        },
        "end": {
          "line": 25,
          "column": 53
        }
      },
      "5": {
        "start": {
          "line": 26,
          "column": 4
        },
        "end": {
          "line": 51,
          "column": 6
        }
      }
    },
    "fnMap": {
      "0": {
        "name": "(anonymous_0)",
        "decl": {
          "start": {
            "line": 17,
            "column": 12
          },
          "end": {
            "line": 17,
            "column": 13
          }
        },
        "loc": {
          "start": {
            "line": 17,
            "column": 21
          },
          "end": {
            "line": 22,
            "column": 3
          }
        },
        "line": 17
      },
      "1": {
        "name": "(anonymous_1)",
        "decl": {
          "start": {
            "line": 24,
            "column": 2
          },
          "end": {
            "line": 24,
            "column": 3
          }
        },
        "loc": {
          "start": {
            "line": 24,
            "column": 11
          },
          "end": {
            "line": 52,
            "column": 3
          }
        },
        "line": 24
      }
    },
    "branchMap": {
      "0": {
        "loc": {
          "start": {
            "line": 32,
            "column": 9
          },
          "end": {
            "line": 41,
            "column": 9
          }
        },
        "type": "binary-expr",
        "locations": [
          {
            "start": {
              "line": 32,
              "column": 9
            },
            "end": {
              "line": 32,
              "column": 47
            }
          },
          {
            "start": {
              "line": 32,
              "column": 51
            },
            "end": {
              "line": 32,
              "column": 71
            }
          },
          {
            "start": {
              "line": 33,
              "column": 10
            },
            "end": {
              "line": 40,
              "column": 12
            }
          }
        ],
        "line": 32
      },
      "1": {
        "loc": {
          "start": {
            "line": 42,
            "column": 9
          },
          "end": {
            "line": 49,
            "column": 9
          }
        },
        "type": "binary-expr",
        "locations": [
          {
            "start": {
              "line": 42,
              "column": 9
            },
            "end": {
              "line": 42,
              "column": 48
            }
          },
          {
            "start": {
              "line": 42,
              "column": 52
            },
            "end": {
              "line": 42,
              "column": 72
            }
          },
          {
            "start": {
              "line": 43,
              "column": 10
            },
            "end": {
              "line": 48,
              "column": 12
            }
          }
        ],
        "line": 42
      }
    },
    "s": {
      "0": 2,
      "1": 2,
      "2": 1,
      "3": 1,
      "4": 54,
      "5": 54
    },
    "f": {
      "0": 1,
      "1": 54
    },
    "b": {
      "0": [
        54,
        54,
        52
      ],
      "1": [
        54,
        54,
        52
      ]
    },
    "_coverageSchema": "43e27e138ebf9cfc5966b082cf9a028302ed4184",
    "hash": "f6a1a02f24fd1ca68806920c6d690068c6ea90d2"
  },
  "C:\\Users\\szony\\Documents\\learning\\course\\FinalProject\\route_planner\\src\\components\\returnedFromDb.jsx": {
    "path": "C:\\Users\\szony\\Documents\\learning\\course\\FinalProject\\route_planner\\src\\components\\returnedFromDb.jsx",
    "statementMap": {
      "0": {
        "start": {
          "line": 8,
          "column": 4
        },
        "end": {
          "line": 8,
          "column": 12
        }
      },
      "1": {
        "start": {
          "line": 9,
          "column": 4
        },
        "end": {
          "line": 12,
          "column": 6
        }
      },
      "2": {
        "start": {
          "line": 16,
          "column": 4
        },
        "end": {
          "line": 16,
          "column": 27
        }
      },
      "3": {
        "start": {
          "line": 19,
          "column": 14
        },
        "end": {
          "line": 44,
          "column": 3
        }
      },
      "4": {
        "start": {
          "line": 20,
          "column": 4
        },
        "end": {
          "line": 20,
          "column": 28
        }
      },
      "5": {
        "start": {
          "line": 21,
          "column": 4
        },
        "end": {
          "line": 21,
          "column": 20
        }
      },
      "6": {
        "start": {
          "line": 23,
          "column": 13
        },
        "end": {
          "line": 23,
          "column": 29
        }
      },
      "7": {
        "start": {
          "line": 24,
          "column": 24
        },
        "end": {
          "line": 24,
          "column": 47
        }
      },
      "8": {
        "start": {
          "line": 25,
          "column": 4
        },
        "end": {
          "line": 43,
          "column": 9
        }
      },
      "9": {
        "start": {
          "line": 29,
          "column": 8
        },
        "end": {
          "line": 39,
          "column": 11
        }
      },
      "10": {
        "start": {
          "line": 30,
          "column": 10
        },
        "end": {
          "line": 38,
          "column": 15
        }
      },
      "11": {
        "start": {
          "line": 33,
          "column": 14
        },
        "end": {
          "line": 33,
          "column": 46
        }
      },
      "12": {
        "start": {
          "line": 34,
          "column": 14
        },
        "end": {
          "line": 34,
          "column": 60
        }
      },
      "13": {
        "start": {
          "line": 37,
          "column": 14
        },
        "end": {
          "line": 37,
          "column": 64
        }
      },
      "14": {
        "start": {
          "line": 42,
          "column": 8
        },
        "end": {
          "line": 42,
          "column": 56
        }
      },
      "15": {
        "start": {
          "line": 46,
          "column": 22
        },
        "end": {
          "line": 59,
          "column": 3
        }
      },
      "16": {
        "start": {
          "line": 47,
          "column": 4
        },
        "end": {
          "line": 47,
          "column": 20
        }
      },
      "17": {
        "start": {
          "line": 48,
          "column": 13
        },
        "end": {
          "line": 48,
          "column": 29
        }
      },
      "18": {
        "start": {
          "line": 49,
          "column": 4
        },
        "end": {
          "line": 58,
          "column": 9
        }
      },
      "19": {
        "start": {
          "line": 53,
          "column": 8
        },
        "end": {
          "line": 55,
          "column": 11
        }
      },
      "20": {
        "start": {
          "line": 56,
          "column": 8
        },
        "end": {
          "line": 56,
          "column": 38
        }
      },
      "21": {
        "start": {
          "line": 57,
          "column": 8
        },
        "end": {
          "line": 57,
          "column": 50
        }
      },
      "22": {
        "start": {
          "line": 61,
          "column": 20
        },
        "end": {
          "line": 76,
          "column": 3
        }
      },
      "23": {
        "start": {
          "line": 62,
          "column": 13
        },
        "end": {
          "line": 62,
          "column": 29
        }
      },
      "24": {
        "start": {
          "line": 63,
          "column": 14
        },
        "end": {
          "line": 63,
          "column": 16
        }
      },
      "25": {
        "start": {
          "line": 64,
          "column": 4
        },
        "end": {
          "line": 75,
          "column": 9
        }
      },
      "26": {
        "start": {
          "line": 68,
          "column": 8
        },
        "end": {
          "line": 70,
          "column": 11
        }
      },
      "27": {
        "start": {
          "line": 69,
          "column": 10
        },
        "end": {
          "line": 69,
          "column": 32
        }
      },
      "28": {
        "start": {
          "line": 71,
          "column": 8
        },
        "end": {
          "line": 73,
          "column": 11
        }
      },
      "29": {
        "start": {
          "line": 74,
          "column": 8
        },
        "end": {
          "line": 74,
          "column": 37
        }
      },
      "30": {
        "start": {
          "line": 79,
          "column": 15
        },
        "end": {
          "line": 79,
          "column": 39
        }
      },
      "31": {
        "start": {
          "line": 81,
          "column": 6
        },
        "end": {
          "line": 91,
          "column": 23
        }
      },
      "32": {
        "start": {
          "line": 92,
          "column": 4
        },
        "end": {
          "line": 92,
          "column": 39
        }
      },
      "33": {
        "start": {
          "line": 93,
          "column": 4
        },
        "end": {
          "line": 93,
          "column": 26
        }
      },
      "34": {
        "start": {
          "line": 97,
          "column": 13
        },
        "end": {
          "line": 97,
          "column": 38
        }
      },
      "35": {
        "start": {
          "line": 98,
          "column": 4
        },
        "end": {
          "line": 148,
          "column": 6
        }
      },
      "36": {
        "start": {
          "line": 101,
          "column": 10
        },
        "end": {
          "line": 145,
          "column": 11
        }
      },
      "37": {
        "start": {
          "line": 102,
          "column": 12
        },
        "end": {
          "line": 144,
          "column": 14
        }
      },
      "38": {
        "start": {
          "line": 104,
          "column": 31
        },
        "end": {
          "line": 104,
          "column": 62
        }
      },
      "39": {
        "start": {
          "line": 137,
          "column": 42
        },
        "end": {
          "line": 137,
          "column": 72
        }
      }
    },
    "fnMap": {
      "0": {
        "name": "(anonymous_0)",
        "decl": {
          "start": {
            "line": 7,
            "column": 2
          },
          "end": {
            "line": 7,
            "column": 3
          }
        },
        "loc": {
          "start": {
            "line": 7,
            "column": 16
          },
          "end": {
            "line": 13,
            "column": 3
          }
        },
        "line": 7
      },
      "1": {
        "name": "(anonymous_1)",
        "decl": {
          "start": {
            "line": 15,
            "column": 2
          },
          "end": {
            "line": 15,
            "column": 3
          }
        },
        "loc": {
          "start": {
            "line": 15,
            "column": 22
          },
          "end": {
            "line": 17,
            "column": 3
          }
        },
        "line": 15
      },
      "2": {
        "name": "(anonymous_2)",
        "decl": {
          "start": {
            "line": 19,
            "column": 14
          },
          "end": {
            "line": 19,
            "column": 15
          }
        },
        "loc": {
          "start": {
            "line": 19,
            "column": 29
          },
          "end": {
            "line": 44,
            "column": 3
          }
        },
        "line": 19
      },
      "3": {
        "name": "(anonymous_3)",
        "decl": {
          "start": {
            "line": 28,
            "column": 12
          },
          "end": {
            "line": 28,
            "column": 13
          }
        },
        "loc": {
          "start": {
            "line": 28,
            "column": 31
          },
          "end": {
            "line": 40,
            "column": 7
          }
        },
        "line": 28
      },
      "4": {
        "name": "(anonymous_4)",
        "decl": {
          "start": {
            "line": 29,
            "column": 30
          },
          "end": {
            "line": 29,
            "column": 31
          }
        },
        "loc": {
          "start": {
            "line": 29,
            "column": 39
          },
          "end": {
            "line": 39,
            "column": 9
          }
        },
        "line": 29
      },
      "5": {
        "name": "(anonymous_5)",
        "decl": {
          "start": {
            "line": 32,
            "column": 18
          },
          "end": {
            "line": 32,
            "column": 19
          }
        },
        "loc": {
          "start": {
            "line": 32,
            "column": 24
          },
          "end": {
            "line": 35,
            "column": 13
          }
        },
        "line": 32
      },
      "6": {
        "name": "(anonymous_6)",
        "decl": {
          "start": {
            "line": 36,
            "column": 19
          },
          "end": {
            "line": 36,
            "column": 20
          }
        },
        "loc": {
          "start": {
            "line": 36,
            "column": 36
          },
          "end": {
            "line": 38,
            "column": 13
          }
        },
        "line": 36
      },
      "7": {
        "name": "(anonymous_7)",
        "decl": {
          "start": {
            "line": 41,
            "column": 13
          },
          "end": {
            "line": 41,
            "column": 14
          }
        },
        "loc": {
          "start": {
            "line": 41,
            "column": 30
          },
          "end": {
            "line": 43,
            "column": 7
          }
        },
        "line": 41
      },
      "8": {
        "name": "(anonymous_8)",
        "decl": {
          "start": {
            "line": 46,
            "column": 22
          },
          "end": {
            "line": 46,
            "column": 23
          }
        },
        "loc": {
          "start": {
            "line": 46,
            "column": 30
          },
          "end": {
            "line": 59,
            "column": 3
          }
        },
        "line": 46
      },
      "9": {
        "name": "(anonymous_9)",
        "decl": {
          "start": {
            "line": 52,
            "column": 12
          },
          "end": {
            "line": 52,
            "column": 13
          }
        },
        "loc": {
          "start": {
            "line": 52,
            "column": 26
          },
          "end": {
            "line": 58,
            "column": 7
          }
        },
        "line": 52
      },
      "10": {
        "name": "(anonymous_10)",
        "decl": {
          "start": {
            "line": 61,
            "column": 20
          },
          "end": {
            "line": 61,
            "column": 21
          }
        },
        "loc": {
          "start": {
            "line": 61,
            "column": 26
          },
          "end": {
            "line": 76,
            "column": 3
          }
        },
        "line": 61
      },
      "11": {
        "name": "(anonymous_11)",
        "decl": {
          "start": {
            "line": 67,
            "column": 12
          },
          "end": {
            "line": 67,
            "column": 13
          }
        },
        "loc": {
          "start": {
            "line": 67,
            "column": 26
          },
          "end": {
            "line": 75,
            "column": 7
          }
        },
        "line": 67
      },
      "12": {
        "name": "(anonymous_12)",
        "decl": {
          "start": {
            "line": 68,
            "column": 30
          },
          "end": {
            "line": 68,
            "column": 31
          }
        },
        "loc": {
          "start": {
            "line": 68,
            "column": 43
          },
          "end": {
            "line": 70,
            "column": 9
          }
        },
        "line": 68
      },
      "13": {
        "name": "(anonymous_13)",
        "decl": {
          "start": {
            "line": 78,
            "column": 2
          },
          "end": {
            "line": 78,
            "column": 3
          }
        },
        "loc": {
          "start": {
            "line": 78,
            "column": 20
          },
          "end": {
            "line": 94,
            "column": 3
          }
        },
        "line": 78
      },
      "14": {
        "name": "(anonymous_14)",
        "decl": {
          "start": {
            "line": 96,
            "column": 2
          },
          "end": {
            "line": 96,
            "column": 3
          }
        },
        "loc": {
          "start": {
            "line": 96,
            "column": 11
          },
          "end": {
            "line": 149,
            "column": 3
          }
        },
        "line": 96
      },
      "15": {
        "name": "(anonymous_15)",
        "decl": {
          "start": {
            "line": 100,
            "column": 16
          },
          "end": {
            "line": 100,
            "column": 17
          }
        },
        "loc": {
          "start": {
            "line": 100,
            "column": 29
          },
          "end": {
            "line": 146,
            "column": 9
          }
        },
        "line": 100
      },
      "16": {
        "name": "(anonymous_16)",
        "decl": {
          "start": {
            "line": 104,
            "column": 25
          },
          "end": {
            "line": 104,
            "column": 26
          }
        },
        "loc": {
          "start": {
            "line": 104,
            "column": 31
          },
          "end": {
            "line": 104,
            "column": 62
          }
        },
        "line": 104
      },
      "17": {
        "name": "(anonymous_17)",
        "decl": {
          "start": {
            "line": 137,
            "column": 31
          },
          "end": {
            "line": 137,
            "column": 32
          }
        },
        "loc": {
          "start": {
            "line": 137,
            "column": 42
          },
          "end": {
            "line": 137,
            "column": 72
          }
        },
        "line": 137
      }
    },
    "branchMap": {
      "0": {
        "loc": {
          "start": {
            "line": 101,
            "column": 10
          },
          "end": {
            "line": 145,
            "column": 11
          }
        },
        "type": "if",
        "locations": [
          {
            "start": {
              "line": 101,
              "column": 10
            },
            "end": {
              "line": 145,
              "column": 11
            }
          },
          {
            "start": {
              "line": 101,
              "column": 10
            },
            "end": {
              "line": 145,
              "column": 11
            }
          }
        ],
        "line": 101
      },
      "1": {
        "loc": {
          "start": {
            "line": 101,
            "column": 14
          },
          "end": {
            "line": 101,
            "column": 71
          }
        },
        "type": "binary-expr",
        "locations": [
          {
            "start": {
              "line": 101,
              "column": 14
            },
            "end": {
              "line": 101,
              "column": 29
            }
          },
          {
            "start": {
              "line": 101,
              "column": 33
            },
            "end": {
              "line": 101,
              "column": 71
            }
          }
        ],
        "line": 101
      },
      "2": {
        "loc": {
          "start": {
            "line": 112,
            "column": 19
          },
          "end": {
            "line": 116,
            "column": 19
          }
        },
        "type": "binary-expr",
        "locations": [
          {
            "start": {
              "line": 112,
              "column": 19
            },
            "end": {
              "line": 112,
              "column": 33
            }
          },
          {
            "start": {
              "line": 113,
              "column": 20
            },
            "end": {
              "line": 115,
              "column": 26
            }
          }
        ],
        "line": 112
      },
      "3": {
        "loc": {
          "start": {
            "line": 117,
            "column": 19
          },
          "end": {
            "line": 122,
            "column": 19
          }
        },
        "type": "binary-expr",
        "locations": [
          {
            "start": {
              "line": 117,
              "column": 19
            },
            "end": {
              "line": 117,
              "column": 34
            }
          },
          {
            "start": {
              "line": 118,
              "column": 20
            },
            "end": {
              "line": 121,
              "column": 26
            }
          }
        ],
        "line": 117
      }
    },
    "s": {
      "0": 0,
      "1": 0,
      "2": 0,
      "3": 0,
      "4": 0,
      "5": 0,
      "6": 0,
      "7": 0,
      "8": 0,
      "9": 0,
      "10": 0,
      "11": 0,
      "12": 0,
      "13": 0,
      "14": 0,
      "15": 0,
      "16": 0,
      "17": 0,
      "18": 0,
      "19": 0,
      "20": 0,
      "21": 0,
      "22": 0,
      "23": 0,
      "24": 0,
      "25": 0,
      "26": 0,
      "27": 0,
      "28": 0,
      "29": 0,
      "30": 0,
      "31": 0,
      "32": 0,
      "33": 0,
      "34": 0,
      "35": 0,
      "36": 0,
      "37": 0,
      "38": 0,
      "39": 0
    },
    "f": {
      "0": 0,
      "1": 0,
      "2": 0,
      "3": 0,
      "4": 0,
      "5": 0,
      "6": 0,
      "7": 0,
      "8": 0,
      "9": 0,
      "10": 0,
      "11": 0,
      "12": 0,
      "13": 0,
      "14": 0,
      "15": 0,
      "16": 0,
      "17": 0
    },
    "b": {
      "0": [
        0,
        0
      ],
      "1": [
        0,
        0
      ],
      "2": [
        0,
        0
      ],
      "3": [
        0,
        0
      ]
    },
    "_coverageSchema": "43e27e138ebf9cfc5966b082cf9a028302ed4184",
    "hash": "3c384007a1d089fcd126a314ed0b18e3b59c5711"
  },
  "C:\\Users\\szony\\Documents\\learning\\course\\FinalProject\\route_planner\\src\\components\\flash.jsx": {
    "path": "C:\\Users\\szony\\Documents\\learning\\course\\FinalProject\\route_planner\\src\\components\\flash.jsx",
    "statementMap": {
      "0": {
        "start": {
          "line": 6,
          "column": 4
        },
        "end": {
          "line": 6,
          "column": 17
        }
      },
      "1": {
        "start": {
          "line": 7,
          "column": 4
        },
        "end": {
          "line": 10,
          "column": 6
        }
      },
      "2": {
        "start": {
          "line": 13,
          "column": 14
        },
        "end": {
          "line": 15,
          "column": 3
        }
      },
      "3": {
        "start": {
          "line": 14,
          "column": 4
        },
        "end": {
          "line": 14,
          "column": 27
        }
      },
      "4": {
        "start": {
          "line": 18,
          "column": 4
        },
        "end": {
          "line": 36,
          "column": 5
        }
      },
      "5": {
        "start": {
          "line": 19,
          "column": 6
        },
        "end": {
          "line": 35,
          "column": 8
        }
      },
      "6": {
        "start": {
          "line": 29,
          "column": 27
        },
        "end": {
          "line": 29,
          "column": 43
        }
      },
      "7": {
        "start": {
          "line": 37,
          "column": 4
        },
        "end": {
          "line": 37,
          "column": 19
        }
      }
    },
    "fnMap": {
      "0": {
        "name": "(anonymous_0)",
        "decl": {
          "start": {
            "line": 5,
            "column": 2
          },
          "end": {
            "line": 5,
            "column": 3
          }
        },
        "loc": {
          "start": {
            "line": 5,
            "column": 21
          },
          "end": {
            "line": 11,
            "column": 3
          }
        },
        "line": 5
      },
      "1": {
        "name": "(anonymous_1)",
        "decl": {
          "start": {
            "line": 13,
            "column": 14
          },
          "end": {
            "line": 13,
            "column": 15
          }
        },
        "loc": {
          "start": {
            "line": 13,
            "column": 20
          },
          "end": {
            "line": 15,
            "column": 3
          }
        },
        "line": 13
      },
      "2": {
        "name": "(anonymous_2)",
        "decl": {
          "start": {
            "line": 17,
            "column": 2
          },
          "end": {
            "line": 17,
            "column": 3
          }
        },
        "loc": {
          "start": {
            "line": 17,
            "column": 11
          },
          "end": {
            "line": 38,
            "column": 3
          }
        },
        "line": 17
      },
      "3": {
        "name": "(anonymous_3)",
        "decl": {
          "start": {
            "line": 29,
            "column": 21
          },
          "end": {
            "line": 29,
            "column": 22
          }
        },
        "loc": {
          "start": {
            "line": 29,
            "column": 27
          },
          "end": {
            "line": 29,
            "column": 43
          }
        },
        "line": 29
      }
    },
    "branchMap": {
      "0": {
        "loc": {
          "start": {
            "line": 18,
            "column": 4
          },
          "end": {
            "line": 36,
            "column": 5
          }
        },
        "type": "if",
        "locations": [
          {
            "start": {
              "line": 18,
              "column": 4
            },
            "end": {
              "line": 36,
              "column": 5
            }
          },
          {
            "start": {
              "line": 18,
              "column": 4
            },
            "end": {
              "line": 36,
              "column": 5
            }
          }
        ],
        "line": 18
      }
    },
    "s": {
      "0": 2,
      "1": 2,
      "2": 2,
      "3": 0,
      "4": 4,
      "5": 0,
      "6": 0,
      "7": 4
    },
    "f": {
      "0": 2,
      "1": 0,
      "2": 4,
      "3": 0
    },
    "b": {
      "0": [
        0,
        4
      ]
    },
    "_coverageSchema": "43e27e138ebf9cfc5966b082cf9a028302ed4184",
    "hash": "77341b80281f1af9cc8e1b8cc35f4f4e3d6bb787"
  },
  "C:\\Users\\szony\\Documents\\learning\\course\\FinalProject\\route_planner\\src\\components\\form.jsx": {
    "path": "C:\\Users\\szony\\Documents\\learning\\course\\FinalProject\\route_planner\\src\\components\\form.jsx",
    "statementMap": {
      "0": {
        "start": {
          "line": 8,
          "column": 10
        },
        "end": {
          "line": 29,
          "column": 3
        }
      },
      "1": {
        "start": {
          "line": 32,
          "column": 4
        },
        "end": {
          "line": 32,
          "column": 17
        }
      },
      "2": {
        "start": {
          "line": 39,
          "column": 17
        },
        "end": {
          "line": 71,
          "column": 3
        }
      },
      "3": {
        "start": {
          "line": 40,
          "column": 4
        },
        "end": {
          "line": 43,
          "column": 7
        }
      },
      "4": {
        "start": {
          "line": 44,
          "column": 4
        },
        "end": {
          "line": 70,
          "column": 5
        }
      },
      "5": {
        "start": {
          "line": 45,
          "column": 6
        },
        "end": {
          "line": 50,
          "column": 9
        }
      },
      "6": {
        "start": {
          "line": 51,
          "column": 6
        },
        "end": {
          "line": 51,
          "column": 30
        }
      },
      "7": {
        "start": {
          "line": 53,
          "column": 29
        },
        "end": {
          "line": 53,
          "column": 31
        }
      },
      "8": {
        "start": {
          "line": 54,
          "column": 6
        },
        "end": {
          "line": 56,
          "column": 9
        }
      },
      "9": {
        "start": {
          "line": 55,
          "column": 8
        },
        "end": {
          "line": 55,
          "column": 54
        }
      },
      "10": {
        "start": {
          "line": 57,
          "column": 27
        },
        "end": {
          "line": 57,
          "column": 29
        }
      },
      "11": {
        "start": {
          "line": 58,
          "column": 6
        },
        "end": {
          "line": 60,
          "column": 9
        }
      },
      "12": {
        "start": {
          "line": 59,
          "column": 8
        },
        "end": {
          "line": 59,
          "column": 52
        }
      },
      "13": {
        "start": {
          "line": 61,
          "column": 6
        },
        "end": {
          "line": 69,
          "column": 9
        }
      },
      "14": {
        "start": {
          "line": 73,
          "column": 14
        },
        "end": {
          "line": 77,
          "column": 3
        }
      },
      "15": {
        "start": {
          "line": 74,
          "column": 4
        },
        "end": {
          "line": 76,
          "column": 7
        }
      },
      "16": {
        "start": {
          "line": 79,
          "column": 13
        },
        "end": {
          "line": 106,
          "column": 3
        }
      },
      "17": {
        "start": {
          "line": 80,
          "column": 13
        },
        "end": {
          "line": 80,
          "column": 29
        }
      },
      "18": {
        "start": {
          "line": 81,
          "column": 15
        },
        "end": {
          "line": 81,
          "column": 33
        }
      },
      "19": {
        "start": {
          "line": 82,
          "column": 14
        },
        "end": {
          "line": 82,
          "column": 35
        }
      },
      "20": {
        "start": {
          "line": 83,
          "column": 4
        },
        "end": {
          "line": 83,
          "column": 30
        }
      },
      "21": {
        "start": {
          "line": 84,
          "column": 4
        },
        "end": {
          "line": 100,
          "column": 7
        }
      },
      "22": {
        "start": {
          "line": 101,
          "column": 4
        },
        "end": {
          "line": 105,
          "column": 7
        }
      },
      "23": {
        "start": {
          "line": 108,
          "column": 23
        },
        "end": {
          "line": 113,
          "column": 3
        }
      },
      "24": {
        "start": {
          "line": 109,
          "column": 4
        },
        "end": {
          "line": 111,
          "column": 7
        }
      },
      "25": {
        "start": {
          "line": 112,
          "column": 4
        },
        "end": {
          "line": 112,
          "column": 32
        }
      },
      "26": {
        "start": {
          "line": 116,
          "column": 4
        },
        "end": {
          "line": 121,
          "column": 7
        }
      },
      "27": {
        "start": {
          "line": 117,
          "column": 6
        },
        "end": {
          "line": 120,
          "column": 9
        }
      },
      "28": {
        "start": {
          "line": 124,
          "column": 16
        },
        "end": {
          "line": 137,
          "column": 3
        }
      },
      "29": {
        "start": {
          "line": 125,
          "column": 15
        },
        "end": {
          "line": 125,
          "column": 36
        }
      },
      "30": {
        "start": {
          "line": 126,
          "column": 4
        },
        "end": {
          "line": 136,
          "column": 7
        }
      },
      "31": {
        "start": {
          "line": 139,
          "column": 23
        },
        "end": {
          "line": 143,
          "column": 3
        }
      },
      "32": {
        "start": {
          "line": 140,
          "column": 4
        },
        "end": {
          "line": 142,
          "column": 7
        }
      },
      "33": {
        "start": {
          "line": 145,
          "column": 20
        },
        "end": {
          "line": 149,
          "column": 3
        }
      },
      "34": {
        "start": {
          "line": 146,
          "column": 4
        },
        "end": {
          "line": 148,
          "column": 7
        }
      },
      "35": {
        "start": {
          "line": 151,
          "column": 29
        },
        "end": {
          "line": 155,
          "column": 3
        }
      },
      "36": {
        "start": {
          "line": 152,
          "column": 4
        },
        "end": {
          "line": 154,
          "column": 7
        }
      },
      "37": {
        "start": {
          "line": 157,
          "column": 23
        },
        "end": {
          "line": 161,
          "column": 3
        }
      },
      "38": {
        "start": {
          "line": 158,
          "column": 4
        },
        "end": {
          "line": 160,
          "column": 7
        }
      },
      "39": {
        "start": {
          "line": 163,
          "column": 21
        },
        "end": {
          "line": 167,
          "column": 3
        }
      },
      "40": {
        "start": {
          "line": 164,
          "column": 4
        },
        "end": {
          "line": 166,
          "column": 7
        }
      },
      "41": {
        "start": {
          "line": 169,
          "column": 26
        },
        "end": {
          "line": 175,
          "column": 3
        }
      },
      "42": {
        "start": {
          "line": 170,
          "column": 4
        },
        "end": {
          "line": 174,
          "column": 7
        }
      },
      "43": {
        "start": {
          "line": 176,
          "column": 27
        },
        "end": {
          "line": 182,
          "column": 3
        }
      },
      "44": {
        "start": {
          "line": 177,
          "column": 4
        },
        "end": {
          "line": 181,
          "column": 7
        }
      },
      "45": {
        "start": {
          "line": 184,
          "column": 25
        },
        "end": {
          "line": 188,
          "column": 3
        }
      },
      "46": {
        "start": {
          "line": 185,
          "column": 4
        },
        "end": {
          "line": 187,
          "column": 7
        }
      },
      "47": {
        "start": {
          "line": 190,
          "column": 18
        },
        "end": {
          "line": 285,
          "column": 3
        }
      },
      "48": {
        "start": {
          "line": 191,
          "column": 4
        },
        "end": {
          "line": 191,
          "column": 27
        }
      },
      "49": {
        "start": {
          "line": 193,
          "column": 17
        },
        "end": {
          "line": 193,
          "column": 52
        }
      },
      "50": {
        "start": {
          "line": 194,
          "column": 23
        },
        "end": {
          "line": 194,
          "column": 62
        }
      },
      "51": {
        "start": {
          "line": 196,
          "column": 24
        },
        "end": {
          "line": 196,
          "column": 37
        }
      },
      "52": {
        "start": {
          "line": 202,
          "column": 6
        },
        "end": {
          "line": 206,
          "column": 20
        }
      },
      "53": {
        "start": {
          "line": 209,
          "column": 6
        },
        "end": {
          "line": 213,
          "column": 20
        }
      },
      "54": {
        "start": {
          "line": 215,
          "column": 25
        },
        "end": {
          "line": 282,
          "column": 5
        }
      },
      "55": {
        "start": {
          "line": 216,
          "column": 6
        },
        "end": {
          "line": 232,
          "column": 10
        }
      },
      "56": {
        "start": {
          "line": 217,
          "column": 28
        },
        "end": {
          "line": 217,
          "column": 43
        }
      },
      "57": {
        "start": {
          "line": 219,
          "column": 10
        },
        "end": {
          "line": 231,
          "column": 16
        }
      },
      "58": {
        "start": {
          "line": 233,
          "column": 6
        },
        "end": {
          "line": 250,
          "column": 10
        }
      },
      "59": {
        "start": {
          "line": 234,
          "column": 28
        },
        "end": {
          "line": 234,
          "column": 43
        }
      },
      "60": {
        "start": {
          "line": 236,
          "column": 10
        },
        "end": {
          "line": 249,
          "column": 16
        }
      },
      "61": {
        "start": {
          "line": 253,
          "column": 8
        },
        "end": {
          "line": 264,
          "column": 28
        }
      },
      "62": {
        "start": {
          "line": 266,
          "column": 6
        },
        "end": {
          "line": 278,
          "column": 70
        }
      },
      "63": {
        "start": {
          "line": 268,
          "column": 28
        },
        "end": {
          "line": 268,
          "column": 43
        }
      },
      "64": {
        "start": {
          "line": 271,
          "column": 10
        },
        "end": {
          "line": 271,
          "column": 28
        }
      },
      "65": {
        "start": {
          "line": 272,
          "column": 10
        },
        "end": {
          "line": 275,
          "column": 13
        }
      },
      "66": {
        "start": {
          "line": 278,
          "column": 26
        },
        "end": {
          "line": 278,
          "column": 68
        }
      },
      "67": {
        "start": {
          "line": 284,
          "column": 4
        },
        "end": {
          "line": 284,
          "column": 19
        }
      },
      "68": {
        "start": {
          "line": 287,
          "column": 26
        },
        "end": {
          "line": 362,
          "column": 3
        }
      },
      "69": {
        "start": {
          "line": 288,
          "column": 4
        },
        "end": {
          "line": 288,
          "column": 25
        }
      },
      "70": {
        "start": {
          "line": 290,
          "column": 23
        },
        "end": {
          "line": 290,
          "column": 62
        }
      },
      "71": {
        "start": {
          "line": 292,
          "column": 6
        },
        "end": {
          "line": 296,
          "column": 20
        }
      },
      "72": {
        "start": {
          "line": 298,
          "column": 25
        },
        "end": {
          "line": 359,
          "column": 5
        }
      },
      "73": {
        "start": {
          "line": 299,
          "column": 6
        },
        "end": {
          "line": 315,
          "column": 10
        }
      },
      "74": {
        "start": {
          "line": 300,
          "column": 28
        },
        "end": {
          "line": 300,
          "column": 43
        }
      },
      "75": {
        "start": {
          "line": 302,
          "column": 10
        },
        "end": {
          "line": 314,
          "column": 16
        }
      },
      "76": {
        "start": {
          "line": 316,
          "column": 6
        },
        "end": {
          "line": 358,
          "column": 11
        }
      },
      "77": {
        "start": {
          "line": 339,
          "column": 24
        },
        "end": {
          "line": 339,
          "column": 35
        }
      },
      "78": {
        "start": {
          "line": 341,
          "column": 10
        },
        "end": {
          "line": 352,
          "column": 17
        }
      },
      "79": {
        "start": {
          "line": 353,
          "column": 10
        },
        "end": {
          "line": 357,
          "column": 13
        }
      },
      "80": {
        "start": {
          "line": 361,
          "column": 4
        },
        "end": {
          "line": 361,
          "column": 19
        }
      },
      "81": {
        "start": {
          "line": 373,
          "column": 8
        },
        "end": {
          "line": 373,
          "column": 18
        }
      },
      "82": {
        "start": {
          "line": 375,
          "column": 34
        },
        "end": {
          "line": 375,
          "column": 36
        }
      },
      "83": {
        "start": {
          "line": 377,
          "column": 4
        },
        "end": {
          "line": 381,
          "column": 5
        }
      },
      "84": {
        "start": {
          "line": 378,
          "column": 6
        },
        "end": {
          "line": 378,
          "column": 43
        }
      },
      "85": {
        "start": {
          "line": 380,
          "column": 6
        },
        "end": {
          "line": 380,
          "column": 54
        }
      },
      "86": {
        "start": {
          "line": 383,
          "column": 4
        },
        "end": {
          "line": 387,
          "column": 5
        }
      },
      "87": {
        "start": {
          "line": 384,
          "column": 6
        },
        "end": {
          "line": 384,
          "column": 48
        }
      },
      "88": {
        "start": {
          "line": 386,
          "column": 6
        },
        "end": {
          "line": 386,
          "column": 60
        }
      },
      "89": {
        "start": {
          "line": 389,
          "column": 4
        },
        "end": {
          "line": 608,
          "column": 6
        }
      }
    },
    "fnMap": {
      "0": {
        "name": "(anonymous_0)",
        "decl": {
          "start": {
            "line": 31,
            "column": 2
          },
          "end": {
            "line": 31,
            "column": 3
          }
        },
        "loc": {
          "start": {
            "line": 31,
            "column": 21
          },
          "end": {
            "line": 33,
            "column": 3
          }
        },
        "line": 31
      },
      "1": {
        "name": "(anonymous_1)",
        "decl": {
          "start": {
            "line": 39,
            "column": 17
          },
          "end": {
            "line": 39,
            "column": 18
          }
        },
        "loc": {
          "start": {
            "line": 39,
            "column": 27
          },
          "end": {
            "line": 71,
            "column": 3
          }
        },
        "line": 39
      },
      "2": {
        "name": "(anonymous_2)",
        "decl": {
          "start": {
            "line": 54,
            "column": 39
          },
          "end": {
            "line": 54,
            "column": 40
          }
        },
        "loc": {
          "start": {
            "line": 54,
            "column": 52
          },
          "end": {
            "line": 56,
            "column": 7
          }
        },
        "line": 54
      },
      "3": {
        "name": "(anonymous_3)",
        "decl": {
          "start": {
            "line": 58,
            "column": 37
          },
          "end": {
            "line": 58,
            "column": 38
          }
        },
        "loc": {
          "start": {
            "line": 58,
            "column": 50
          },
          "end": {
            "line": 60,
            "column": 7
          }
        },
        "line": 58
      },
      "4": {
        "name": "(anonymous_4)",
        "decl": {
          "start": {
            "line": 73,
            "column": 14
          },
          "end": {
            "line": 73,
            "column": 15
          }
        },
        "loc": {
          "start": {
            "line": 73,
            "column": 20
          },
          "end": {
            "line": 77,
            "column": 3
          }
        },
        "line": 73
      },
      "5": {
        "name": "(anonymous_5)",
        "decl": {
          "start": {
            "line": 79,
            "column": 13
          },
          "end": {
            "line": 79,
            "column": 14
          }
        },
        "loc": {
          "start": {
            "line": 79,
            "column": 19
          },
          "end": {
            "line": 106,
            "column": 3
          }
        },
        "line": 79
      },
      "6": {
        "name": "(anonymous_6)",
        "decl": {
          "start": {
            "line": 108,
            "column": 23
          },
          "end": {
            "line": 108,
            "column": 24
          }
        },
        "loc": {
          "start": {
            "line": 108,
            "column": 29
          },
          "end": {
            "line": 113,
            "column": 3
          }
        },
        "line": 108
      },
      "7": {
        "name": "(anonymous_7)",
        "decl": {
          "start": {
            "line": 115,
            "column": 2
          },
          "end": {
            "line": 115,
            "column": 3
          }
        },
        "loc": {
          "start": {
            "line": 115,
            "column": 22
          },
          "end": {
            "line": 122,
            "column": 3
          }
        },
        "line": 115
      },
      "8": {
        "name": "(anonymous_8)",
        "decl": {
          "start": {
            "line": 116,
            "column": 45
          },
          "end": {
            "line": 116,
            "column": 46
          }
        },
        "loc": {
          "start": {
            "line": 116,
            "column": 59
          },
          "end": {
            "line": 121,
            "column": 5
          }
        },
        "line": 116
      },
      "9": {
        "name": "(anonymous_9)",
        "decl": {
          "start": {
            "line": 124,
            "column": 16
          },
          "end": {
            "line": 124,
            "column": 17
          }
        },
        "loc": {
          "start": {
            "line": 124,
            "column": 22
          },
          "end": {
[...]
        30,
        22
      ],
      "11": [
        52,
        0
      ],
      "12": [
        52,
        0
      ],
      "13": [
        52,
        0
      ],
      "14": [
        52,
        52,
        30
      ]
    },
    "_coverageSchema": "43e27e138ebf9cfc5966b082cf9a028302ed4184",
    "hash": "9408d0563acef761e73dc612c8f8ae52ad19344f"
  },
  "C:\\Users\\szony\\Documents\\learning\\course\\FinalProject\\route_planner\\src\\components\\navBar.jsx": {
    "path": "C:\\Users\\szony\\Documents\\learning\\course\\FinalProject\\route_planner\\src\\components\\navBar.jsx",
    "statementMap": {
      "0": {
        "start": {
          "line": 7,
          "column": 4
        },
        "end": {
          "line": 7,
          "column": 17
        }
      },
      "1": {
        "start": {
          "line": 8,
          "column": 4
        },
        "end": {
          "line": 8,
          "column": 39
        }
      },
      "2": {
        "start": {
          "line": 9,
          "column": 4
        },
        "end": {
          "line": 9,
          "column": 53
        }
      },
      "3": {
        "start": {
          "line": 10,
          "column": 4
        },
        "end": {
          "line": 10,
          "column": 41
        }
      },
      "4": {
        "start": {
          "line": 11,
          "column": 4
        },
        "end": {
          "line": 11,
          "column": 41
        }
      },
      "5": {
        "start": {
          "line": 12,
          "column": 4
        },
        "end": {
          "line": 16,
          "column": 6
        }
      },
      "6": {
        "start": {
          "line": 19,
          "column": 17
        },
        "end": {
          "line": 27,
          "column": 3
        }
      },
      "7": {
        "start": {
          "line": 21,
          "column": 19
        },
        "end": {
          "line": 21,
          "column": 43
        }
      },
      "8": {
        "start": {
          "line": 22,
          "column": 4
        },
        "end": {
          "line": 24,
          "column": 7
        }
      },
      "9": {
        "start": {
          "line": 26,
          "column": 4
        },
        "end": {
          "line": 26,
          "column": 38
        }
      },
      "10": {
        "start": {
          "line": 29,
          "column": 17
        },
        "end": {
          "line": 34,
          "column": 3
        }
      },
      "11": {
        "start": {
          "line": 30,
          "column": 4
        },
        "end": {
          "line": 32,
          "column": 7
        }
      },
      "12": {
        "start": {
          "line": 33,
          "column": 4
        },
        "end": {
          "line": 33,
          "column": 35
        }
      },
      "13": {
        "start": {
          "line": 37,
          "column": 4
        },
        "end": {
          "line": 37,
          "column": 55
        }
      },
      "14": {
        "start": {
          "line": 41,
          "column": 4
        },
        "end": {
          "line": 41,
          "column": 23
        }
      },
      "15": {
        "start": {
          "line": 42,
          "column": 4
        },
        "end": {
          "line": 48,
          "column": 9
        }
      },
      "16": {
        "start": {
          "line": 47,
          "column": 8
        },
        "end": {
          "line": 47,
          "column": 27
        }
      },
      "17": {
        "start": {
          "line": 52,
          "column": 4
        },
        "end": {
          "line": 52,
          "column": 23
        }
      },
      "18": {
        "start": {
          "line": 53,
          "column": 4
        },
        "end": {
          "line": 62,
          "column": 9
        }
      },
      "19": {
        "start": {
          "line": 58,
          "column": 8
        },
        "end": {
          "line": 58,
          "column": 23
        }
      },
      "20": {
        "start": {
          "line": 61,
          "column": 8
        },
        "end": {
          "line": 61,
          "column": 27
        }
      },
      "21": {
        "start": {
          "line": 65,
          "column": 4
        },
        "end": {
          "line": 65,
          "column": 26
        }
      },
      "22": {
        "start": {
          "line": 68,
          "column": 4
        },
        "end": {
          "line": 153,
          "column": 6
        }
      }
    },
    "fnMap": {
      "0": {
        "name": "(anonymous_0)",
        "decl": {
          "start": {
            "line": 6,
            "column": 2
          },
          "end": {
            "line": 6,
            "column": 3
          }
        },
        "loc": {
          "start": {
            "line": 6,
            "column": 21
          },
          "end": {
            "line": 17,
            "column": 3
          }
        },
        "line": 6
      },
      "1": {
        "name": "(anonymous_1)",
        "decl": {
          "start": {
            "line": 19,
            "column": 17
          },
          "end": {
            "line": 19,
            "column": 18
          }
        },
        "loc": {
          "start": {
            "line": 19,
            "column": 23
          },
          "end": {
            "line": 27,
            "column": 3
          }
        },
        "line": 19
      },
      "2": {
        "name": "(anonymous_2)",
        "decl": {
          "start": {
            "line": 29,
            "column": 17
          },
          "end": {
            "line": 29,
            "column": 18
          }
        },
        "loc": {
          "start": {
            "line": 29,
            "column": 23
          },
          "end": {
            "line": 34,
            "column": 3
          }
        },
        "line": 29
      },
      "3": {
        "name": "(anonymous_3)",
        "decl": {
          "start": {
            "line": 36,
            "column": 2
          },
          "end": {
            "line": 36,
            "column": 3
          }
        },
        "loc": {
          "start": {
            "line": 36,
            "column": 18
          },
          "end": {
            "line": 38,
            "column": 3
          }
        },
        "line": 36
      },
      "4": {
        "name": "(anonymous_4)",
        "decl": {
          "start": {
            "line": 40,
            "column": 2
          },
          "end": {
            "line": 40,
            "column": 3
          }
        },
        "loc": {
          "start": {
            "line": 40,
            "column": 11
          },
          "end": {
            "line": 49,
            "column": 3
          }
        },
        "line": 40
      },
      "5": {
        "name": "(anonymous_5)",
        "decl": {
          "start": {
            "line": 45,
            "column": 12
          },
          "end": {
            "line": 45,
            "column": 13
          }
        },
        "loc": {
          "start": {
            "line": 45,
            "column": 19
          },
          "end": {
            "line": 45,
            "column": 21
          }
        },
        "line": 45
      },
      "6": {
        "name": "(anonymous_6)",
        "decl": {
          "start": {
            "line": 46,
            "column": 13
          },
          "end": {
            "line": 46,
            "column": 14
          }
        },
        "loc": {
          "start": {
            "line": 46,
            "column": 24
          },
          "end": {
            "line": 48,
            "column": 7
          }
        },
        "line": 46
      },
      "7": {
        "name": "(anonymous_7)",
        "decl": {
          "start": {
            "line": 51,
            "column": 2
          },
          "end": {
            "line": 51,
            "column": 3
          }
        },
        "loc": {
          "start": {
            "line": 51,
            "column": 12
          },
          "end": {
            "line": 63,
            "column": 3
          }
        },
        "line": 51
      },
      "8": {
        "name": "(anonymous_8)",
        "decl": {
          "start": {
            "line": 56,
            "column": 12
          },
          "end": {
            "line": 56,
            "column": 13
          }
        },
        "loc": {
          "start": {
            "line": 56,
            "column": 19
          },
          "end": {
            "line": 56,
            "column": 21
          }
        },
        "line": 56
      },
      "9": {
        "name": "(anonymous_9)",
        "decl": {
          "start": {
            "line": 57,
            "column": 12
          },
          "end": {
            "line": 57,
            "column": 13
          }
        },
        "loc": {
          "start": {
            "line": 57,
            "column": 19
          },
          "end": {
            "line": 59,
            "column": 7
          }
        },
        "line": 57
      },
      "10": {
        "name": "(anonymous_10)",
        "decl": {
          "start": {
            "line": 60,
            "column": 13
          },
          "end": {
            "line": 60,
            "column": 14
          }
        },
        "loc": {
          "start": {
            "line": 60,
            "column": 24
          },
          "end": {
            "line": 62,
            "column": 7
          }
        },
        "line": 60
      },
      "11": {
        "name": "(anonymous_11)",
        "decl": {
          "start": {
            "line": 64,
            "column": 2
          },
          "end": {
            "line": 64,
            "column": 3
          }
        },
        "loc": {
          "start": {
            "line": 64,
            "column": 11
          },
          "end": {
            "line": 66,
            "column": 3
          }
        },
        "line": 64
      },
      "12": {
        "name": "(anonymous_12)",
        "decl": {
          "start": {
            "line": 67,
            "column": 2
          },
          "end": {
            "line": 67,
            "column": 3
          }
        },
        "loc": {
          "start": {
            "line": 67,
            "column": 11
          },
          "end": {
            "line": 154,
            "column": 3
          }
        },
        "line": 67
      }
    },
    "branchMap": {
      "0": {
        "loc": {
          "start": {
            "line": 82,
            "column": 17
          },
          "end": {
            "line": 147,
            "column": 17
          }
        },
        "type": "cond-expr",
        "locations": [
          {
            "start": {
              "line": 83,
              "column": 18
            },
            "end": {
              "line": 101,
              "column": 24
            }
          },
          {
            "start": {
              "line": 103,
              "column": 18
            },
            "end": {
              "line": 146,
              "column": 21
            }
          }
        ],
        "line": 82
      },
      "1": {
        "loc": {
          "start": {
            "line": 87,
            "column": 27
          },
          "end": {
            "line": 89,
            "column": 42
          }
        },
        "type": "cond-expr",
        "locations": [
          {
            "start": {
              "line": 88,
              "column": 30
            },
            "end": {
              "line": 88,
              "column": 41
            }
          },
          {
            "start": {
              "line": 89,
              "column": 30
            },
            "end": {
              "line": 89,
              "column": 42
            }
          }
        ],
        "line": 87
      }
    },
    "s": {
      "0": 2,
      "1": 2,
      "2": 2,
      "3": 2,
      "4": 2,
      "5": 2,
      "6": 2,
      "7": 0,
      "8": 0,
      "9": 0,
      "10": 2,
      "11": 0,
      "12": 0,
      "13": 0,
      "14": 0,
      "15": 0,
      "16": 0,
      "17": 0,
      "18": 0,
      "19": 0,
      "20": 0,
      "21": 0,
      "22": 4
    },
    "f": {
      "0": 2,
      "1": 0,
      "2": 0,
      "3": 0,
      "4": 0,
      "5": 0,
      "6": 0,
      "7": 0,
      "8": 0,
      "9": 0,
      "10": 0,
      "11": 0,
      "12": 4
    },
    "b": {
      "0": [
        2,
        2
      ],
      "1": [
        2,
        0
      ]
    },
    "_coverageSchema": "43e27e138ebf9cfc5966b082cf9a028302ed4184",
    "hash": "476c5e2b61175aa1a6c0b9248846f4a048aaea22"
  },
  "C:\\Users\\szony\\Documents\\learning\\course\\FinalProject\\route_planner\\src\\App.js": {
    "path": "C:\\Users\\szony\\Documents\\learning\\course\\FinalProject\\route_planner\\src\\App.js",
    "statementMap": {
      "0": {
        "start": {
          "line": 10,
          "column": 4
        },
        "end": {
          "line": 10,
          "column": 12
        }
      },
      "1": {
        "start": {
          "line": 11,
          "column": 4
        },
        "end": {
          "line": 14,
          "column": 6
        }
      },
      "2": {
        "start": {
          "line": 15,
          "column": 4
        },
        "end": {
          "line": 15,
          "column": 53
        }
      },
      "3": {
        "start": {
          "line": 19,
          "column": 4
        },
        "end": {
          "line": 19,
          "column": 24
        }
      },
      "4": {
        "start": {
          "line": 22,
          "column": 17
        },
        "end": {
          "line": 28,
          "column": 3
        }
      },
      "5": {
        "start": {
          "line": 23,
          "column": 23
        },
        "end": {
          "line": 23,
          "column": 28
        }
      },
      "6": {
        "start": {
          "line": 24,
          "column": 4
        },
        "end": {
          "line": 26,
          "column": 7
        }
      },
      "7": {
        "start": {
          "line": 31,
          "column": 4
        },
        "end": {
          "line": 40,
          "column": 7
        }
      },
      "8": {
        "start": {
          "line": 32,
          "column": 6
        },
        "end": {
          "line": 32,
          "column": 24
        }
      },
      "9": {
        "start": {
          "line": 33,
          "column": 6
        },
        "end": {
          "line": 39,
          "column": 7
        }
      },
      "10": {
        "start": {
          "line": 34,
          "column": 8
        },
        "end": {
          "line": 34,
          "column": 32
        }
      },
      "11": {
        "start": {
          "line": 35,
          "column": 8
        },
        "end": {
          "line": 35,
          "column": 47
        }
      },
      "12": {
        "start": {
          "line": 37,
          "column": 8
        },
        "end": {
          "line": 37,
          "column": 38
        }
      },
      "13": {
        "start": {
          "line": 38,
          "column": 8
        },
        "end": {
          "line": 38,
          "column": 40
        }
      },
      "14": {
        "start": {
          "line": 44,
          "column": 4
        },
        "end": {
          "line": 51,
          "column": 6
        }
      }
    },
    "fnMap": {
      "0": {
        "name": "(anonymous_0)",
        "decl": {
          "start": {
            "line": 9,
            "column": 2
          },
          "end": {
            "line": 9,
            "column": 3
          }
        },
        "loc": {
          "start": {
            "line": 9,
            "column": 16
          },
          "end": {
            "line": 16,
            "column": 3
          }
        },
        "line": 9
      },
      "1": {
        "name": "(anonymous_1)",
        "decl": {
          "start": {
            "line": 18,
            "column": 2
          },
          "end": {
            "line": 18,
            "column": 3
          }
        },
        "loc": {
          "start": {
            "line": 18,
            "column": 22
          },
          "end": {
            "line": 20,
            "column": 3
          }
        },
        "line": 18
      },
      "2": {
        "name": "(anonymous_2)",
        "decl": {
          "start": {
            "line": 22,
            "column": 17
          },
          "end": {
            "line": 22,
            "column": 18
          }
        },
        "loc": {
          "start": {
            "line": 22,
            "column": 28
          },
          "end": {
            "line": 28,
            "column": 3
          }
        },
        "line": 22
      },
      "3": {
        "name": "(anonymous_3)",
        "decl": {
          "start": {
            "line": 30,
            "column": 2
          },
          "end": {
            "line": 30,
            "column": 3
          }
        },
        "loc": {
          "start": {
            "line": 30,
            "column": 17
          },
          "end": {
            "line": 41,
            "column": 3
          }
        },
        "line": 30
      },
      "4": {
        "name": "(anonymous_4)",
        "decl": {
          "start": {
            "line": 31,
            "column": 35
          },
          "end": {
            "line": 31,
            "column": 36
          }
        },
        "loc": {
          "start": {
            "line": 31,
            "column": 45
          },
          "end": {
            "line": 40,
            "column": 5
          }
        },
        "line": 31
      },
      "5": {
        "name": "(anonymous_5)",
        "decl": {
          "start": {
            "line": 43,
            "column": 2
          },
          "end": {
            "line": 43,
            "column": 3
          }
        },
        "loc": {
          "start": {
            "line": 43,
            "column": 11
          },
          "end": {
            "line": 52,
            "column": 3
          }
        },
        "line": 43
      }
    },
    "branchMap": {
      "0": {
        "loc": {
          "start": {
            "line": 33,
            "column": 6
          },
          "end": {
            "line": 39,
            "column": 7
          }
        },
        "type": "if",
        "locations": [
          {
            "start": {
              "line": 33,
              "column": 6
            },
            "end": {
              "line": 39,
              "column": 7
            }
          },
          {
            "start": {
              "line": 33,
              "column": 6
            },
            "end": {
              "line": 39,
              "column": 7
            }
          }
        ],
        "line": 33
      }
    },
    "s": {
      "0": 2,
      "1": 2,
      "2": 2,
      "3": 1,
      "4": 2,
      "5": 0,
      "6": 0,
      "7": 1,
      "8": 1,
      "9": 1,
      "10": 1,
      "11": 1,
      "12": 0,
      "13": 0,
      "14": 4
    },
    "f": {
      "0": 2,
      "1": 1,
      "2": 0,
      "3": 1,
      "4": 1,
      "5": 4
    },
    "b": {
      "0": [
        1,
        0
      ]
    },
    "_coverageSchema": "43e27e138ebf9cfc5966b082cf9a028302ed4184",
    "hash": "59e03f95fbff80b8de8c5a4b5db6d81b115eb137"
  },
  "C:\\Users\\szony\\Documents\\learning\\course\\FinalProject\\route_planner\\src\\index.js": {
    "path": "C:\\Users\\szony\\Documents\\learning\\course\\FinalProject\\route_planner\\src\\index.js",
    "statementMap": {
      "0": {
        "start": {
          "line": 6,
          "column": 0
        },
        "end": {
          "line": 11,
          "column": 2
        }
      }
    },
    "fnMap": {},
    "branchMap": {},
    "s": {
      "0": 1
    },
    "f": {},
    "b": {},
    "_coverageSchema": "43e27e138ebf9cfc5966b082cf9a028302ed4184",
    "hash": "d77946f496beb5beb4109183c49dccdc2028f7d7"
  }
}